C51 COMPILER V9.52.0.0   EX_INT2                                                           11/07/2022 13:53:58 PAGE 1   


C51 COMPILER V9.52.0.0, COMPILATION OF MODULE EX_INT2
OBJECT MODULE PLACED IN ex_int2.OBJ
COMPILER INVOKED BY: C:\Keil\C51\BIN\C51.EXE ex_int2.c BROWSE DEBUG OBJECTEXTEND TABS(2)

line level    source

   1          #include <AT89X51.h>
   2          
   3          
   4          
   5          void SetupEx0()
   6          {
   7   1          EA=0;
   8   1          IT0=1;
   9   1          EX0=1;
  10   1          EA=1;
  11   1      }
  12          
  13          void Ex0Isr()
  14          interrupt 0
  15          {
  16   1          P1_0 = !P1_0;
  17   1      }
  18          
  19          int main()
  20          {
  21   1          SetupEx0();
  22   1          //Ex0Isr();
  23   1          while(1);
  24   1      }


MODULE INFORMATION:   STATIC OVERLAYABLE
   CODE SIZE        =     17    ----
   CONSTANT SIZE    =   ----    ----
   XDATA SIZE       =   ----    ----
   PDATA SIZE       =   ----    ----
   DATA SIZE        =   ----    ----
   IDATA SIZE       =   ----    ----
   BIT SIZE         =   ----    ----
END OF MODULE INFORMATION.


C51 COMPILATION COMPLETE.  0 WARNING(S),  0 ERROR(S)
