C51 COMPILER V9.52.0.0   EX_INT1                                                           11/07/2022 13:53:58 PAGE 1   


C51 COMPILER V9.52.0.0, COMPILATION OF MODULE EX_INT1
OBJECT MODULE PLACED IN ex_int1.OBJ
COMPILER INVOKED BY: C:\Keil\C51\BIN\C51.EXE ex_int1.c BROWSE DEBUG OBJECTEXTEND TABS(2)

line level    source

   1          #include <at89x51.h>
   2          
   3          int count = 0;
   4          
   5          void delay(int time)
   6          {
   7   1          int i,j;
   8   1          for(i=0;i<100;++i)
   9   1          {
  10   2              for(j=0;j<time; ++j);
  11   2          }
  12   1      }
  13          
  14          void output_7seg(unsigned char value)
  15          {
  16   1          unsigned char const mask[10] = {0xC0,0xF9,0xA4, 0xB0, 0x99, 0x92, 0x82, 0xF8, 0x80, 0x90};
  17   1          if (value < 10)
  18   1          {
  19   2              P0 = mask[value];
  20   2          }
  21   1      }
  22          
  23          void EXT0_Process()
  24          interrupt 0
  25          {
  26   1          EA=0;
  27   1          count++;
  28   1          EA=1;
  29   1      }
  30          
  31          void display_number(int iNum)
  32          {
  33   1          int i;
  34   1          unsigned char pos=0x08;
  35   1          unsigned char temp;
  36   1          for(i=0;i<4;++i)
  37   1          {
  38   2              temp=iNum%10;
  39   2              iNum=iNum/10;
  40   2              P2=pos;
  41   2          }
  42   1          output_7seg(temp);
  43   1          delay(5);
  44   1          pos=pos>>1;
  45   1      }
  46          
  47          void init()
  48          {
  49   1          P3_2=1;
  50   1          IE=0x81;
  51   1          IT0=1;
  52   1      }
  53          
  54          int main()
  55          {
C51 COMPILER V9.52.0.0   EX_INT1                                                           11/07/2022 13:53:58 PAGE 2   

  56   1          init();
  57   1          while(1)
  58   1          {
  59   2              display_number(count);
  60   2          }
  61   1      }


MODULE INFORMATION:   STATIC OVERLAYABLE
   CODE SIZE        =    183    ----
   CONSTANT SIZE    =     10    ----
   XDATA SIZE       =   ----    ----
   PDATA SIZE       =   ----    ----
   DATA SIZE        =      2      15
   IDATA SIZE       =   ----    ----
   BIT SIZE         =   ----    ----
END OF MODULE INFORMATION.


C51 COMPILATION COMPLETE.  0 WARNING(S),  0 ERROR(S)
