C51 COMPILER V9.52.0.0   UART_ADC                                                          11/28/2022 16:24:57 PAGE 1   


C51 COMPILER V9.52.0.0, COMPILATION OF MODULE UART_ADC
OBJECT MODULE PLACED IN UART_ADC.OBJ
COMPILER INVOKED BY: C:\Keil\C51\BIN\C51.EXE UART_ADC.c BROWSE DEBUG OBJECTEXTEND TABS(2)

line level    source

   1          #include <at89x51.h>
   2          
   3          #define ale P3_6
   4          #define a P3_2
   5          #define b P3_3
   6          
   7          #define oe P3_7
   8          #define eoc P3_4
   9          #define start P3_5
  10          unsigned int rdata;
  11          int digi[] = {0xC0, 0xF9, 0xA4, 0xB0, 0x99,
  12                        0x92, 0x82, 0xF8, 0x80, 0x90};
  13          int chon;
  14          int index;
  15          int DEM = 0;
  16          void display(int sec_dis, int number);
  17          void set_timer1();
  18          
  19          void minimnal_delay()
  20          {
  21   1          int i;
  22   1          for (i = 0; i < 255; i++)
  23   1          {
  24   2          }
  25   1      }
  26          
  27          void set_timer1()
  28          {
  29   1          TMOD = 0x10;
  30   1          ET1 = 0;
  31   1          TH1 = 0x3C;
  32   1          TL1 = 0xAF;
  33   1          TF1 = 0;
  34   1          TR1 = 1;
  35   1          IE = 0x88;
  36   1      }
  37          
  38          void dem_counter() interrupt 4 using 1
  39          {
  40   1          if (RI)
  41   1          {
  42   2              rdata = SBUF;
  43   2              RI = 0;
  44   2              switch (rdata)
  45   2              {
  46   3              case ('0'):
  47   3              {
  48   4                  index = 0;
  49   4                  break;
  50   4              }
  51   3              case ('1'):
  52   3              {
  53   4                  index = 1;
  54   4                  break;
  55   4              }
C51 COMPILER V9.52.0.0   UART_ADC                                                          11/28/2022 16:24:57 PAGE 2   

  56   3              case ('2'):
  57   3              {
  58   4                  index = 2;
  59   4                  break;
  60   4              }
  61   3              case ('3'):
  62   3              {
  63   4                  index = 3;
  64   4                  break;
  65   4              }
  66   3              }
  67   2          }
  68   1      }
  69          
  70          void select_sensor(int x)
  71          {
  72   1          switch (x)
  73   1          {
  74   2          case 0:
  75   2          {
  76   3              a = 0;
  77   3              b = 0;
  78   3          }
  79   2          break;
  80   2          case 1:
  81   2          {
  82   3              a = 1;
  83   3              b = 0;
  84   3          }
  85   2          break;
  86   2          case 2:
  87   2          {
  88   3              a = 0;
  89   3              b = 1;
  90   3          }
  91   2          break;
  92   2          case 3:
  93   2          {
  94   3              a = 1;
  95   3              b = 1;
  96   3          }
  97   2          break;
  98   2          default:
  99   2          {
 100   3              a = 0;
 101   3              b = 0;
 102   3          }
 103   2          }
 104   1      }
 105          
 106          void setup()
 107          {
 108   1          TMOD = 0x20;
 109   1          TH1 = -3;
 110   1          SCON = 0x50;
 111   1          TR1 = 1;
 112   1          IE = 0x90;
 113   1      }
 114          
 115          void display(int sec_dis, int number)
 116          {
 117   1          P2_2 = 0;
C51 COMPILER V9.52.0.0   UART_ADC                                                          11/28/2022 16:24:57 PAGE 3   

 118   1          P2_0 = 1;
 119   1          P0 = digi[sec_dis];
 120   1      
 121   1          minimnal_delay();
 122   1          minimnal_delay();
 123   1          P2_0 = 0;
 124   1          P2_1 = 1;
 125   1          P0 = digi[number / 10];
 126   1          number = number % 10;
 127   1          minimnal_delay();
 128   1          minimnal_delay();
 129   1          P2_1 = 0;
 130   1          P2_2 = 1;
 131   1          P0 = digi[number];
 132   1          minimnal_delay();
 133   1          minimnal_delay();
 134   1      }
 135          int main()
 136          {
 137   1          set_timer1();
 138   1          index = 0;
 139   1          setup();
 140   1          while (1)
 141   1          {
 142   2              oe = 0;
 143   2              ale = 0;
 144   2              start = 0;
 145   2              select_sensor(index);
 146   2              minimnal_delay();
 147   2              oe = 1;
 148   2              ale = 1;
 149   2              start = 1;
 150   2              minimnal_delay();
 151   2              start = 0;
 152   2              ale = 0;
 153   2              minimnal_delay();
 154   2              display(index, P1);
 155   2              SBUF = index;
 156   2              while (TI == 0)
 157   2                  ;
 158   2              TI = 0;
 159   2              SBUF = P1;
 160   2              while (TI == 0)
 161   2                  ;
 162   2              TI = 0;
 163   2              if (index == 5)
 164   2              {
 165   3                  index = 1;
 166   3              }
 167   2          }
 168   1      }


MODULE INFORMATION:   STATIC OVERLAYABLE
   CODE SIZE        =    328    ----
   CONSTANT SIZE    =   ----    ----
   XDATA SIZE       =   ----    ----
   PDATA SIZE       =   ----    ----
   DATA SIZE        =     28    ----
   IDATA SIZE       =   ----    ----
   BIT SIZE         =   ----    ----
END OF MODULE INFORMATION.

C51 COMPILER V9.52.0.0   UART_ADC                                                          11/28/2022 16:24:57 PAGE 4   


C51 COMPILATION COMPLETE.  0 WARNING(S),  0 ERROR(S)
