C51 COMPILER V9.52.0.0   ADC                                                               11/14/2022 16:36:26 PAGE 1   


C51 COMPILER V9.52.0.0, COMPILATION OF MODULE ADC
OBJECT MODULE PLACED IN ADC.OBJ
COMPILER INVOKED BY: C:\Keil\C51\BIN\C51.EXE ADC.c BROWSE DEBUG OBJECTEXTEND TABS(2)

line level    source

   1          #include <regx51.h>
   2          #define uchar unsigned char
   3          #define uint unsigned int
   4          #define port0 P0
   5          #define ale P1_0
   6          #define c P1_1
   7          #define b P1_2
   8          #define a P1_3
   9          #define oe P1_4
  10          #define eoc P1_5
  11          #define start P1_6
  12          int dig[]={0xC0,0xF9,0xA4,0xB0,0x99,0x92
  13          ,0x82,0xF8,0x80,0x90};
  14              uchar tram,chuc,donvi;
  15              uint x;
  16          void delay(int x)
  17          {
  18   1        int i;
  19   1        for(i=0;i<x;i++);
  20   1      }
  21          void tachso(void)
  22          {
  23   1        tram=x/100;
  24   1        chuc=(x/10)%10;
  25   1        donvi=x%10;
  26   1      }
  27          void giaima(int x)
  28          { 
  29   1        if(x==1)
  30   1          {a=0;b=0;c=0;}
  31   1        if(x==2)
  32   1          {a=1;b=0;c=0;}
  33   1        if(x==3)
  34   1          {a=0;b=1;c=0;}
  35   1        if(x==4)
  36   1          {a=1;b=1;c=0;}
  37   1        if(x==5)
  38   1          {a=0;b=0;c=1;}
  39   1        if(x==6)
  40   1          {a=1;b=0;c=1;}
  41   1        if(x==7)
  42   1          {a=0;b=1;c=1;}
  43   1        if(x==8)
  44   1          {a=1;b=1;c=1;}
  45   1      }
  46          void main()
  47          {
  48   1        int i;
  49   1        oe = 1;
  50   1        for(i=0;i<8;i++)
  51   1        { int tam;
  52   2        for(tam=0;tam<30;tam++)
  53   2        {
  54   3          P2=0x01;
  55   3          P0=dig[i+1];
C51 COMPILER V9.52.0.0   ADC                                                               11/14/2022 16:36:26 PAGE 2   

  56   3          P2_4=0;
  57   3          delay(1000);
  58   3          start=0;
  59   3          ale=0;
  60   3          eoc=1;
  61   3          giaima(i+1);
  62   3          delay(100);
  63   3          start=1;
  64   3          ale=1;
  65   3          delay(500);
  66   3          start=0;
  67   3          ale=0;
  68   3          while(eoc==0);
  69   3            delay(100);
  70   3            eoc=1;
  71   3            x=P3;
  72   3            tachso();
  73   3            P2=0x02;
  74   3            P0=dig[tram];
  75   3            P2_4=1;
  76   3            delay(500);
  77   3            P2=0x04;
  78   3            P0=dig[chuc];
  79   3            P2_4=1;
  80   3            delay(500);
  81   3            P2=0x08;
  82   3            P0=dig[donvi];
  83   3            P2_4=1;
  84   3            delay(500);
  85   3      }
  86   2      }
  87   1      }


MODULE INFORMATION:   STATIC OVERLAYABLE
   CODE SIZE        =    345    ----
   CONSTANT SIZE    =   ----    ----
   XDATA SIZE       =   ----    ----
   PDATA SIZE       =   ----    ----
   DATA SIZE        =     25       2
   IDATA SIZE       =   ----    ----
   BIT SIZE         =   ----    ----
END OF MODULE INFORMATION.


C51 COMPILATION COMPLETE.  0 WARNING(S),  0 ERROR(S)
