C51 COMPILER V9.52.0.0   LED                                                               10/24/2022 14:29:55 PAGE 1   


C51 COMPILER V9.52.0.0, COMPILATION OF MODULE LED
OBJECT MODULE PLACED IN LED.OBJ
COMPILER INVOKED BY: C:\Keil\C51\BIN\C51.EXE LED.c BROWSE DEBUG OBJECTEXTEND TABS(2)

line level    source

   1          #include <reg51.h>
   2          #include <stdio.h>
   3          
   4          sbit LED0 = P0^0;
   5          sbit LED1 = P0^1;
   6          sbit LED2 = P0^2;
   7          sbit LED3 = P0^3;
   8          sbit LED4 = P0^4;
   9          sbit LED5 = P0^5;
  10          sbit LED6 = P0^6;
  11          sbit LED7 = P0^7;
  12          
  13          
  14          void DELAY_ms(unsigned int ms_Count)
  15          { 
  16   1          unsigned int i,j;
  17   1          for(i=0;i<ms_Count;i++)
  18   1          {
  19   2              for(j=0;j<100;j++);
  20   2          }
  21   1      }
  22          
  23          int main() 
  24          {
  25   1          while(1)
  26   1          {
  27   2              //P0 = 0xff; /* Turn ON all the leds connected to Ports */
  28   2              //P1 = 0xff;
  29   2              //P2 = 0xff;
  30   2              //P3 = 0xff;
  31   2              //DELAY_ms(500);
  32   2              
  33   2              //P0 = 0x00; /* Turn OFF all the leds connected to Ports */
  34   2              //P1 = 0x00;
  35   2              //P2 = 0x00;
  36   2              //P3 = 0x00;
  37   2              //DELAY_ms(500);
  38   2              LED0 = 1;
  39   2              LED1 = 0;
  40   2              LED2 = 1;
  41   2              LED3 = 0;
  42   2              LED4 = 1;
  43   2              LED5 = 0;
  44   2              LED6 = 1;
  45   2              LED7 = 0;
  46   2              DELAY_ms(500);
  47   2              LED0 = 0;
  48   2              LED1 = 1;
  49   2              LED2 = 0;
  50   2              LED3 = 1;
  51   2              LED4 = 0;
  52   2              LED5 = 1;
  53   2              LED6 = 0;
  54   2              LED7 = 1;
  55   2              DELAY_ms(500);
C51 COMPILER V9.52.0.0   LED                                                               10/24/2022 14:29:55 PAGE 2   

  56   2          }
  57   1      
  58   1          return (0);
  59   1      }
*** WARNING C294 IN LINE 58 OF LED.c: unreachable code


MODULE INFORMATION:   STATIC OVERLAYABLE
   CODE SIZE        =     76    ----
   CONSTANT SIZE    =   ----    ----
   XDATA SIZE       =   ----    ----
   PDATA SIZE       =   ----    ----
   DATA SIZE        =   ----    ----
   IDATA SIZE       =   ----    ----
   BIT SIZE         =   ----    ----
END OF MODULE INFORMATION.


C51 COMPILATION COMPLETE.  1 WARNING(S),  0 ERROR(S)
