C51 COMPILER V9.52.0.0   LED_7SEG_2                                                        10/31/2022 14:56:37 PAGE 1   


C51 COMPILER V9.52.0.0, COMPILATION OF MODULE LED_7SEG_2
OBJECT MODULE PLACED IN LED_7SEG_2.OBJ
COMPILER INVOKED BY: C:\Keil\C51\BIN\C51.EXE LED_7SEG_2.C BROWSE DEBUG OBJECTEXTEND TABS(2)

line level    source

   1          #include <reg51.h>
   2          
   3          
   4          int dig[]={0x0,0x1,0x2,0x3,0x4,0x5,0x6,0x7,0x8,0x9};
   5          
   6          void delay_ms(unsigned int x)
   7          {
   8   1          unsigned int i,j;
   9   1          for(i=0;i<x;i++)
  10   1          {
  11   2              for(j=0;j<100;j++);
  12   2          }
  13   1      }
  14          
  15          int main()
  16          {
  17   1        int count = 0;
  18   1          for(count = 0; count < 10; count++)
  19   1          {
  20   2              P2 = dig[count];
  21   2              delay_ms(1000);
  22   2          }
  23   1      }
*** WARNING C290 IN LINE 23 OF LED_7SEG_2.C: missing return value


MODULE INFORMATION:   STATIC OVERLAYABLE
   CODE SIZE        =     66    ----
   CONSTANT SIZE    =   ----    ----
   XDATA SIZE       =   ----    ----
   PDATA SIZE       =   ----    ----
   DATA SIZE        =     20    ----
   IDATA SIZE       =   ----    ----
   BIT SIZE         =   ----    ----
END OF MODULE INFORMATION.


C51 COMPILATION COMPLETE.  1 WARNING(S),  0 ERROR(S)
