C51 COMPILER V9.52.0.0   DELAY_TIMER                                                       11/07/2022 14:56:14 PAGE 1   


C51 COMPILER V9.52.0.0, COMPILATION OF MODULE DELAY_TIMER
OBJECT MODULE PLACED IN delay_timer.OBJ
COMPILER INVOKED BY: C:\Keil\C51\BIN\C51.EXE delay_timer.c BROWSE DEBUG OBJECTEXTEND TABS(2)

line level    source

   1          #include<at89x51.h>
   2          
   3          void delay_hardware_50ms()
   4          {
   5   1          TMOD=TMOD & 0xF0;
   6   1          TMOD=TMOD | 0x01;
   7   1          ET0=0;
   8   1          TH0=0x3C;
   9   1          TL0=0xB0;
  10   1          TF0=0;
  11   1          TR0=1;
  12   1          while(TF0==0);
  13   1          TR0=0;
  14   1      }
  15          
  16          void delay_hardward_1s()
  17          {
  18   1          int i;
  19   1          for(i=0;i<100;i++)
  20   1          {
  21   2              delay_hardware_50ms();
  22   2          }
  23   1      }
  24          
  25          int main()
  26          {
  27   1          while(1)
  28   1          {
  29   2              P1=0xAA;
  30   2              delay_hardward_1s();
  31   2              P1=0x55;
  32   2              delay_hardware_1s();
*** WARNING C206 IN LINE 32 OF delay_timer.c: 'delay_hardware_1s': missing function-prototype
  33   2          }
  34   1      }


MODULE INFORMATION:   STATIC OVERLAYABLE
   CODE SIZE        =     56    ----
   CONSTANT SIZE    =   ----    ----
   XDATA SIZE       =   ----    ----
   PDATA SIZE       =   ----    ----
   DATA SIZE        =   ----    ----
   IDATA SIZE       =   ----    ----
   BIT SIZE         =   ----    ----
END OF MODULE INFORMATION.


C51 COMPILATION COMPLETE.  1 WARNING(S),  0 ERROR(S)
