C51 COMPILER V9.52.0.0   LED_7SEG_3                                                        10/31/2022 15:36:11 PAGE 1   


C51 COMPILER V9.52.0.0, COMPILATION OF MODULE LED_7SEG_3
OBJECT MODULE PLACED IN LED_7SEG_3.OBJ
COMPILER INVOKED BY: C:\Keil\C51\BIN\C51.EXE LED_7SEG_3.C BROWSE DEBUG OBJECTEXTEND TABS(2)

line level    source

   1          // Code for 7 Segment Display Interfacing with 8051 Microcontroller (AT89S52)
   2          
   3          #include<reg51.h>
   4          
   5          sbit Port0 = P1 ^ 0;
   6          sbit Port1 = P1 ^ 1;
   7          sbit Port2 = P1 ^ 2;
   8          sbit Port3 = P1 ^ 3;
   9          void msdelay(unsigned int time) // Function for creating delay in milliseconds.
  10          
  11          {
  12   1      
  13   1        unsigned i, j;
  14   1      
  15   1        for (i = 0; i < time; i++)
  16   1      
  17   1          for (j = 0; j < 1275; j++);
  18   1      
  19   1      }
  20          
  21          void main()
  22          
  23          {
  24   1      
  25   1        unsigned char no_code[] = {
  26   1          0xC0,
  27   1          0xF9,
  28   1          0xA4,
  29   1          0xB0,
  30   1          0x99,
  31   1          0x92,
  32   1          0x82,
  33   1          0xF8,
  34   1          0x80,
  35   1          0x90,
  36   1          0x88,
  37   1          0x80,
  38   1          0xC6,
  39   1          0xC0,
  40   1          0x86,
  41   1          0x8E
  42   1        }; //Array for hex values (0-9) for common anode 7 segment
  43   1      
  44   1        int k;
  45   1        int f;
  46   1        int j = 1;
  47   1        while (1)
  48   1      
  49   1        {
  50   2      
  51   2          for (k = 0; k < 16; k++)
  52   2      
  53   2          {
  54   3            if (j == 1) {
  55   4              j++;
C51 COMPILER V9.52.0.0   LED_7SEG_3                                                        10/31/2022 15:36:11 PAGE 2   

  56   4              Port0 = 0x40;
  57   4              Port1 = 0x00;
  58   4              Port2 = 0x00;
  59   4              Port3 = 0x00;
  60   4              
  61   4            P2 = no_code[k];
  62   4      
  63   4            msdelay(100);
  64   4      
  65   4            } else if (j == 2) {
  66   4              j++;
  67   4              Port0 = 0x00;
  68   4              Port1 = 0x40;
  69   4              Port2 = 0x00;
  70   4              Port3 = 0x00;
  71   4              
  72   4            P2 = no_code[k];
  73   4      
  74   4            msdelay(100);
  75   4            } else if (j == 3) {
  76   4              Port0 = 0x00;
  77   4              Port1 = 0x00;
  78   4              Port2 = 0x40;
  79   4              Port3 = 0x00;
  80   4              
  81   4            P2 = no_code[k];
  82   4      
  83   4            msdelay(100);
  84   4              j++;
  85   4            } else if (j == 4) {
  86   4              j = 1;
  87   4              Port0 = 0x00;
  88   4              Port1 = 0x00;
  89   4              Port2 = 0x00;
  90   4              Port3 = 0x40;
  91   4              
  92   4            P2 = no_code[k];
  93   4      
  94   4            msdelay(100);
  95   4            }
  96   3      
  97   3          }
  98   2      
  99   2        }
 100   1      }
*** WARNING C280 IN LINE 45 OF LED_7SEG_3.C: 'f': unreferenced local variable


MODULE INFORMATION:   STATIC OVERLAYABLE
   CODE SIZE        =    186    ----
   CONSTANT SIZE    =     16    ----
   XDATA SIZE       =   ----    ----
   PDATA SIZE       =   ----    ----
   DATA SIZE        =   ----      20
   IDATA SIZE       =   ----    ----
   BIT SIZE         =   ----    ----
END OF MODULE INFORMATION.


C51 COMPILATION COMPLETE.  1 WARNING(S),  0 ERROR(S)
