C51 COMPILER V9.52.0.0   LED_7SEG_1                                                        10/31/2022 13:52:09 PAGE 1   


C51 COMPILER V9.52.0.0, COMPILATION OF MODULE LED_7SEG_1
OBJECT MODULE PLACED IN LED_7SEG_1.OBJ
COMPILER INVOKED BY: C:\Keil\C51\BIN\C51.EXE LED_7SEG_1.C BROWSE DEBUG OBJECTEXTEND TABS(2)

line level    source

   1          #include<reg51.h>
   2          
   3          void delay_ms(unsigned int x);
   4          void decoder();
   5          void display();
   6          
   7          
   8          unsigned char donvi,chuc;
   9          unsigned int count,tmp,a;
  10          int dig[]={0xC0,0xF9,0xA4,0xB0,0x99,0x92,0x82,0xF8,0x80,0x90};
  11          
  12          void main(void)
  13          {
  14   1          while(1)
  15   1          {
  16   2              for(count = 0;count<100;++count)
  17   2              {
  18   3                  a = count;
  19   3                  for(tmp = 0; tmp<5000; ++tmp)
  20   3                  {
  21   4                      decoder();
  22   4                      //delay_ms(10);
  23   4                      display();
  24   4                  }
  25   3              }
  26   2          }
  27   1      }
  28          
  29          void delay_ms(unsigned int x)
  30          {
  31   1          unsigned int i,j;
  32   1          for(i=0;i<x;i++)
  33   1          {
  34   2              for(j=0;j<100;j++);
  35   2          }
  36   1      }
  37          
  38          void decoder()
  39          {
  40   1          chuc = a / 10;
  41   1          donvi = a % 10;
  42   1      }
  43          
  44          
  45          void display()
  46          {
  47   1          P0 = dig[chuc];
  48   1          P2 = dig[donvi];
  49   1      }


MODULE INFORMATION:   STATIC OVERLAYABLE
   CODE SIZE        =    140    ----
   CONSTANT SIZE    =   ----    ----
   XDATA SIZE       =   ----    ----
C51 COMPILER V9.52.0.0   LED_7SEG_1                                                        10/31/2022 13:52:09 PAGE 2   

   PDATA SIZE       =   ----    ----
   DATA SIZE        =     28    ----
   IDATA SIZE       =   ----    ----
   BIT SIZE         =   ----    ----
END OF MODULE INFORMATION.


C51 COMPILATION COMPLETE.  0 WARNING(S),  0 ERROR(S)
