C51 COMPILER V9.52.0.0   LED_7SEG_4                                                        10/31/2022 16:36:07 PAGE 1   


C51 COMPILER V9.52.0.0, COMPILATION OF MODULE LED_7SEG_4
OBJECT MODULE PLACED IN LED_7SEG_4.OBJ
COMPILER INVOKED BY: C:\Keil\C51\BIN\C51.EXE LED_7SEG_4.C BROWSE DEBUG OBJECTEXTEND TABS(2)

line level    source

   1          #include <reg51.h>
   2          
   3          // Code for 7 Segment Display Interfacing with 8051 Microcontroller (AT89S52)
   4          
   5          #include<reg51.h>
   6          
   7          sbit Port0 = P1 ^ 0;
   8          sbit Port1 = P1 ^ 1;
   9          sbit Port2 = P1 ^ 2;
  10          sbit Port3 = P1 ^ 3;
  11          void msdelay(unsigned int time) // Function for creating delay in milliseconds.
  12          
  13          {
  14   1      
  15   1        unsigned i, j;
  16   1      
  17   1        for (i = 0; i < time; i++)
  18   1      
  19   1          for (j = 0; j < 1275; j++);
  20   1      
  21   1      }
  22          
  23          void main()
  24          
  25          {
  26   1      
  27   1        unsigned char num[] = {
  28   1          0xC0,
  29   1          0xF9,
  30   1          0xA4,
  31   1          0xB0,
  32   1          0x99,
  33   1          0x92,
  34   1          0x82,
  35   1          0xF8,
  36   1          0x80,
  37   1          0x90,
  38   1          0x88,
  39   1          0x80,
  40   1          0xC6,
  41   1          0xC0,
  42   1          0x86,
  43   1          0x8E
  44   1        }; //Array for hex values (0-9) for common anode 7 segment
  45   1      
  46   1        int k;
  47   1        int f;
  48   1        int j = 1;
  49   1        while (1)
  50   1      
  51   1        {
  52   2          for(f = 0; f < 10; f++){
  53   3      
  54   3      
  55   3          for (k = 0; k < 10; k++)
C51 COMPILER V9.52.0.0   LED_7SEG_4                                                        10/31/2022 16:36:07 PAGE 2   

  56   3      
  57   3          {
  58   4           `P1 = 0xfe;
*** ERROR C141 IN LINE 58 OF LED_7SEG_4.C: syntax error near '`'
  59   4            P0 = no_code[k];
*** ERROR C202 IN LINE 59 OF LED_7SEG_4.C: 'no_code': undefined identifier
  60   4      
  61   4          msdelay(50);
  62   4      
  63   4          }
  64   3            Port0 = 0x40;
  65   3            Port1= 0x00;
  66   3            Port2 = 0x40;
  67   3            Port3 = 0x40;
  68   3            P0 = no_code[f];
*** ERROR C202 IN LINE 68 OF LED_7SEG_4.C: 'no_code': undefined identifier
  69   3      
  70   3          msdelay(100);
  71   3      
  72   3          
  73   3      }
  74   2        }
  75   1      }

C51 COMPILATION COMPLETE.  0 WARNING(S),  3 ERROR(S)
